This file contains any messages produced by compilers while
running configure, to aid debugging if configure makes a mistake.

It was created by llvm configure 2.5, which was
generated by GNU Autoconf 2.60.  Invocation command line was

  $ ./configure CC=gcc -arch x86_64 CXX=g++ -arch x86_64

## --------- ##
## Platform. ##
## --------- ##

hostname = Christophers-MacBook-Pro-2.local
uname -m = x86_64
uname -r = 11.3.0
uname -s = Darwin
uname -v = Darwin Kernel Version 11.3.0: Thu Jan 12 18:47:41 PST 2012; root:xnu-1699.24.23~1/RELEASE_X86_64

/usr/bin/uname -p = i386
/bin/uname -X     = unknown

/bin/arch              = unknown
/usr/bin/arch -k       = unknown
/usr/convex/getsysinfo = unknown
/usr/bin/hostinfo      = Mach kernel version:
	 Darwin Kernel Version 11.3.0: Thu Jan 12 18:47:41 PST 2012; root:xnu-1699.24.23~1/RELEASE_X86_64
Kernel configured for up to 8 processors.
4 processors are physically available.
8 processors are logically available.
Processor type: i486 (Intel 80486)
Processors active: 0 1 2 3 4 5 6 7
Primary memory available: 8.00 gigabytes
Default processor set: 145 tasks, 700 threads, 8 processors
Load average: 1.48, Mach factor: 6.51
/bin/machine           = unknown
/usr/bin/oslevel       = unknown
/bin/universe          = unknown

PATH: /Applications/Xcode.app/Contents/Developer/Toolchains/XcodeDefault.xctoolchain/usr/bin
PATH: /Applications/Xcode.app/Contents/Developer/Toolchains/XcodeDefault.xctoolchain/usr/local/bin
PATH: /Applications/Xcode.app/Contents/Developer/Platforms/MacOSX.platform/Developer/usr/bin
PATH: /Applications/Xcode.app/Contents/Developer/Platforms/MacOSX.platform/Developer/usr/local/bin
PATH: /Applications/Xcode.app/Contents/Developer/usr/bin
PATH: /Applications/Xcode.app/Contents/Developer/usr/local/bin
PATH: /Applications/Xcode.app/Contents/Developer/Tools
PATH: /usr/bin
PATH: /bin
PATH: /usr/sbin
PATH: /sbin


## ----------- ##
## Core tests. ##
## ----------- ##

configure:2131: checking build system type
configure:2149: result: i686-apple-darwin11.3.0
configure:2171: checking host system type
configure:2186: result: i686-apple-darwin11.3.0
configure:2208: checking target system type
configure:2223: result: i686-apple-darwin11.3.0
configure:2252: checking type of operating system we're going to host on
configure:2335: result: Darwin
configure:2377: checking target architecture
configure:2396: result: x86
configure:2455: checking for gcc
configure:2482: result: gcc -arch x86_64
configure:2720: checking for C compiler version
configure:2727: gcc -arch x86_64 --version >&5
i686-apple-darwin11-llvm-gcc-4.2 (GCC) 4.2.1 (Based on Apple Inc. build 5658) (LLVM build 2336.9.00)
Copyright (C) 2007 Free Software Foundation, Inc.
This is free software; see the source for copying conditions.  There is NO
warranty; not even for MERCHANTABILITY or FITNESS FOR A PARTICULAR PURPOSE.

configure:2730: $? = 0
configure:2737: gcc -arch x86_64 -v >&5
Using built-in specs.
Target: i686-apple-darwin11
Configured with: /private/var/tmp/llvmgcc42/llvmgcc42-2336.9~22/src/configure --disable-checking --enable-werror --prefix=/Applications/Xcode.app/Contents/Developer/usr/llvm-gcc-4.2 --mandir=/share/man --enable-languages=c,objc,c++,obj-c++ --program-prefix=llvm- --program-transform-name=/^[cg][^.-]*$/s/$/-4.2/ --with-slibdir=/usr/lib --build=i686-apple-darwin11 --enable-llvm=/private/var/tmp/llvmgcc42/llvmgcc42-2336.9~22/dst-llvmCore/Developer/usr/local --program-prefix=i686-apple-darwin11- --host=x86_64-apple-darwin11 --target=i686-apple-darwin11 --with-gxx-include-dir=/usr/include/c++/4.2.1
Thread model: posix
gcc version 4.2.1 (Based on Apple Inc. build 5658) (LLVM build 2336.9.00)
configure:2740: $? = 0
configure:2747: gcc -arch x86_64 -V >&5
llvm-gcc-4.2: argument to `-V' is missing
configure:2750: $? = 1
configure:2773: checking for C compiler default output file name
configure:2800: gcc -arch x86_64    conftest.c  >&5
configure:2803: $? = 0
configure:2849: result: a.out
configure:2854: checking whether the C compiler works
configure:2864: ./a.out
configure:2867: $? = 0
configure:2884: result: yes
configure:2891: checking whether we are cross compiling
configure:2893: result: no
configure:2896: checking for suffix of executables
configure:2903: gcc -arch x86_64 -o conftest    conftest.c  >&5
configure:2906: $? = 0
configure:2930: result: 
configure:2936: checking for suffix of object files
configure:2962: gcc -arch x86_64 -c   conftest.c >&5
configure:2965: $? = 0
configure:2988: result: o
configure:2992: checking whether we are using the GNU C compiler
configure:3021: gcc -arch x86_64 -c   conftest.c >&5
configure:3027: $? = 0
configure:3034: test -z "$ac_c_werror_flag" || test ! -s conftest.err
configure:3037: $? = 0
configure:3044: test -s conftest.o
configure:3047: $? = 0
configure:3061: result: yes
configure:3066: checking whether gcc -arch x86_64 accepts -g
configure:3096: gcc -arch x86_64 -c -g  conftest.c >&5
configure:3102: $? = 0
configure:3109: test -z "$ac_c_werror_flag" || test ! -s conftest.err
configure:3112: $? = 0
configure:3119: test -s conftest.o
configure:3122: $? = 0
configure:3252: result: yes
configure:3269: checking for gcc -arch x86_64 option to accept ISO C89
configure:3343: gcc -arch x86_64  -c -g -O2  conftest.c >&5
configure:3349: $? = 0
configure:3356: test -z "$ac_c_werror_flag" || test ! -s conftest.err
configure:3359: $? = 0
configure:3366: test -s conftest.o
configure:3369: $? = 0
configure:3389: result: none needed
configure:3413: checking how to run the C preprocessor
configure:3453: gcc -arch x86_64 -E  conftest.c
configure:3459: $? = 0
configure:3497: gcc -arch x86_64 -E  conftest.c
conftest.c:9:28: error: ac_nonexistent.h: No such file or directory
configure:3503: $? = 1
configure: failed program was:
| /* confdefs.h.  */
| #define PACKAGE_NAME "llvm"
| #define PACKAGE_TARNAME "-llvm-"
| #define PACKAGE_VERSION "2.5"
| #define PACKAGE_STRING "llvm 2.5"
| #define PACKAGE_BUGREPORT "llvmbugs@cs.uiuc.edu"
| #define LLVM_ON_UNIX 1
| /* end confdefs.h.  */
| #include <ac_nonexistent.h>
configure:3543: result: gcc -arch x86_64 -E
configure:3572: gcc -arch x86_64 -E  conftest.c
configure:3578: $? = 0
configure:3616: gcc -arch x86_64 -E  conftest.c
conftest.c:9:28: error: ac_nonexistent.h: No such file or directory
configure:3622: $? = 1
configure: failed program was:
| /* confdefs.h.  */
| #define PACKAGE_NAME "llvm"
| #define PACKAGE_TARNAME "-llvm-"
| #define PACKAGE_VERSION "2.5"
| #define PACKAGE_STRING "llvm 2.5"
| #define PACKAGE_BUGREPORT "llvmbugs@cs.uiuc.edu"
| #define LLVM_ON_UNIX 1
| /* end confdefs.h.  */
| #include <ac_nonexistent.h>
configure:3667: checking for grep that handles long lines and -e
configure:3741: result: /usr/bin/grep
configure:3746: checking for egrep
configure:3824: result: /usr/bin/grep -E
configure:3829: checking for ANSI C header files
configure:3859: gcc -arch x86_64 -c -g -O2  conftest.c >&5
configure:3865: $? = 0
configure:3872: test -z "$ac_c_werror_flag" || test ! -s conftest.err
configure:3875: $? = 0
configure:3882: test -s conftest.o
configure:3885: $? = 0
configure:3981: gcc -arch x86_64 -o conftest -g -O2   conftest.c  >&5
configure:3984: $? = 0
configure:3990: ./conftest
configure:3993: $? = 0
configure:4010: result: yes
configure:4034: checking for sys/types.h
configure:4055: gcc -arch x86_64 -c -g -O2  conftest.c >&5
configure:4061: $? = 0
configure:4068: test -z "$ac_c_werror_flag" || test ! -s conftest.err
configure:4071: $? = 0
configure:4078: test -s conftest.o
configure:4081: $? = 0
configure:4094: result: yes
configure:4034: checking for sys/stat.h
configure:4055: gcc -arch x86_64 -c -g -O2  conftest.c >&5
configure:4061: $? = 0
configure:4068: test -z "$ac_c_werror_flag" || test ! -s conftest.err
configure:4071: $? = 0
configure:4078: test -s conftest.o
configure:4081: $? = 0
configure:4094: result: yes
configure:4034: checking for stdlib.h
configure:4055: gcc -arch x86_64 -c -g -O2  conftest.c >&5
configure:4061: $? = 0
configure:4068: test -z "$ac_c_werror_flag" || test ! -s conftest.err
configure:4071: $? = 0
configure:4078: test -s conftest.o
configure:4081: $? = 0
configure:4094: result: yes
configure:4034: checking for string.h
configure:4055: gcc -arch x86_64 -c -g -O2  conftest.c >&5
configure:4061: $? = 0
configure:4068: test -z "$ac_c_werror_flag" || test ! -s conftest.err
configure:4071: $? = 0
configure:4078: test -s conftest.o
configure:4081: $? = 0
configure:4094: result: yes
configure:4034: checking for memory.h
configure:4055: gcc -arch x86_64 -c -g -O2  conftest.c >&5
configure:4061: $? = 0
configure:4068: test -z "$ac_c_werror_flag" || test ! -s conftest.err
configure:4071: $? = 0
configure:4078: test -s conftest.o
configure:4081: $? = 0
configure:4094: result: yes
configure:4034: checking for strings.h
configure:4055: gcc -arch x86_64 -c -g -O2  conftest.c >&5
configure:4061: $? = 0
configure:4068: test -z "$ac_c_werror_flag" || test ! -s conftest.err
configure:4071: $? = 0
configure:4078: test -s conftest.o
configure:4081: $? = 0
configure:4094: result: yes
configure:4034: checking for inttypes.h
configure:4055: gcc -arch x86_64 -c -g -O2  conftest.c >&5
configure:4061: $? = 0
configure:4068: test -z "$ac_c_werror_flag" || test ! -s conftest.err
configure:4071: $? = 0
configure:4078: test -s conftest.o
configure:4081: $? = 0
configure:4094: result: yes
configure:4034: checking for stdint.h
configure:4055: gcc -arch x86_64 -c -g -O2  conftest.c >&5
configure:4061: $? = 0
configure:4068: test -z "$ac_c_werror_flag" || test ! -s conftest.err
configure:4071: $? = 0
configure:4078: test -s conftest.o
configure:4081: $? = 0
configure:4094: result: yes
configure:4034: checking for unistd.h
configure:4055: gcc -arch x86_64 -c -g -O2  conftest.c >&5
configure:4061: $? = 0
configure:4068: test -z "$ac_c_werror_flag" || test ! -s conftest.err
configure:4071: $? = 0
configure:4078: test -s conftest.o
configure:4081: $? = 0
configure:4094: result: yes
configure:4106: checking whether byte ordering is bigendian
configure:4138: gcc -arch x86_64 -c -g -O2  conftest.c >&5
configure:4144: $? = 0
configure:4151: test -z "$ac_c_werror_flag" || test ! -s conftest.err
configure:4154: $? = 0
configure:4161: test -s conftest.o
configure:4164: $? = 0
configure:4193: gcc -arch x86_64 -c -g -O2  conftest.c >&5
conftest.c: In function 'main':
conftest.c:26: error: 'not' undeclared (first use in this function)
conftest.c:26: error: (Each undeclared identifier is reported only once
conftest.c:26: error: for each function it appears in.)
conftest.c:26: error: expected ';' before 'big'
configure:4199: $? = 1
configure: failed program was:
| /* confdefs.h.  */
| #define PACKAGE_NAME "llvm"
| #define PACKAGE_TARNAME "-llvm-"
| #define PACKAGE_VERSION "2.5"
| #define PACKAGE_STRING "llvm 2.5"
| #define PACKAGE_BUGREPORT "llvmbugs@cs.uiuc.edu"
| #define LLVM_ON_UNIX 1
| #define STDC_HEADERS 1
| #define HAVE_SYS_TYPES_H 1
| #define HAVE_SYS_STAT_H 1
| #define HAVE_STDLIB_H 1
| #define HAVE_STRING_H 1
| #define HAVE_MEMORY_H 1
| #define HAVE_STRINGS_H 1
| #define HAVE_INTTYPES_H 1
| #define HAVE_STDINT_H 1
| #define HAVE_UNISTD_H 1
| /* end confdefs.h.  */
| #include <sys/types.h>
| #include <sys/param.h>
| 
| int
| main ()
| {
| #if BYTE_ORDER != BIG_ENDIAN
|  not big endian
| #endif
| 
|   ;
|   return 0;
| }
configure:4373: result: no
configure:5071: checking how to run the C preprocessor
configure:5201: result: gcc -arch x86_64 -E
configure:5230: gcc -arch x86_64 -E  conftest.c
configure:5236: $? = 0
configure:5274: gcc -arch x86_64 -E  conftest.c
conftest.c:22:28: error: ac_nonexistent.h: No such file or directory
configure:5280: $? = 1
configure: failed program was:
| /* confdefs.h.  */
| #define PACKAGE_NAME "llvm"
| #define PACKAGE_TARNAME "-llvm-"
| #define PACKAGE_VERSION "2.5"
| #define PACKAGE_STRING "llvm 2.5"
| #define PACKAGE_BUGREPORT "llvmbugs@cs.uiuc.edu"
| #define LLVM_ON_UNIX 1
| #define STDC_HEADERS 1
| #define HAVE_SYS_TYPES_H 1
| #define HAVE_SYS_STAT_H 1
| #define HAVE_STDLIB_H 1
| #define HAVE_STRING_H 1
| #define HAVE_MEMORY_H 1
| #define HAVE_STRINGS_H 1
| #define HAVE_INTTYPES_H 1
| #define HAVE_STDINT_H 1
| #define HAVE_UNISTD_H 1
| #define ENABLE_THREADS 1
| #define ENABLE_PIC 0
| #define ENABLE_CBE_PRINTF_A 1
| /* end confdefs.h.  */
| #include <ac_nonexistent.h>
configure:5441: checking for C compiler version
configure:5448: gcc -arch x86_64 --version >&5
i686-apple-darwin11-llvm-gcc-4.2 (GCC) 4.2.1 (Based on Apple Inc. build 5658) (LLVM build 2336.9.00)
Copyright (C) 2007 Free Software Foundation, Inc.
This is free software; see the source for copying conditions.  There is NO
warranty; not even for MERCHANTABILITY or FITNESS FOR A PARTICULAR PURPOSE.

configure:5451: $? = 0
configure:5458: gcc -arch x86_64 -v >&5
Using built-in specs.
Target: i686-apple-darwin11
Configured with: /private/var/tmp/llvmgcc42/llvmgcc42-2336.9~22/src/configure --disable-checking --enable-werror --prefix=/Applications/Xcode.app/Contents/Developer/usr/llvm-gcc-4.2 --mandir=/share/man --enable-languages=c,objc,c++,obj-c++ --program-prefix=llvm- --program-transform-name=/^[cg][^.-]*$/s/$/-4.2/ --with-slibdir=/usr/lib --build=i686-apple-darwin11 --enable-llvm=/private/var/tmp/llvmgcc42/llvmgcc42-2336.9~22/dst-llvmCore/Developer/usr/local --program-prefix=i686-apple-darwin11- --host=x86_64-apple-darwin11 --target=i686-apple-darwin11 --with-gxx-include-dir=/usr/include/c++/4.2.1
Thread model: posix
gcc version 4.2.1 (Based on Apple Inc. build 5658) (LLVM build 2336.9.00)
configure:5461: $? = 0
configure:5468: gcc -arch x86_64 -V >&5
llvm-gcc-4.2: argument to `-V' is missing
configure:5471: $? = 1
configure:5474: checking whether we are using the GNU C compiler
configure:5543: result: yes
configure:5548: checking whether gcc -arch x86_64 accepts -g
configure:5734: result: yes
configure:5751: checking for gcc -arch x86_64 option to accept ISO C89
configure:5871: result: none needed
configure:6005: checking for C++ compiler version
configure:6012: g++ -arch x86_64 --version >&5
i686-apple-darwin11-llvm-g++-4.2 (GCC) 4.2.1 (Based on Apple Inc. build 5658) (LLVM build 2336.9.00)
Copyright (C) 2007 Free Software Foundation, Inc.
This is free software; see the source for copying conditions.  There is NO
warranty; not even for MERCHANTABILITY or FITNESS FOR A PARTICULAR PURPOSE.

configure:6015: $? = 0
configure:6022: g++ -arch x86_64 -v >&5
Using built-in specs.
Target: i686-apple-darwin11
Configured with: /private/var/tmp/llvmgcc42/llvmgcc42-2336.9~22/src/configure --disable-checking --enable-werror --prefix=/Applications/Xcode.app/Contents/Developer/usr/llvm-gcc-4.2 --mandir=/share/man --enable-languages=c,objc,c++,obj-c++ --program-prefix=llvm- --program-transform-name=/^[cg][^.-]*$/s/$/-4.2/ --with-slibdir=/usr/lib --build=i686-apple-darwin11 --enable-llvm=/private/var/tmp/llvmgcc42/llvmgcc42-2336.9~22/dst-llvmCore/Developer/usr/local --program-prefix=i686-apple-darwin11- --host=x86_64-apple-darwin11 --target=i686-apple-darwin11 --with-gxx-include-dir=/usr/include/c++/4.2.1
Thread model: posix
gcc version 4.2.1 (Based on Apple Inc. build 5658) (LLVM build 2336.9.00)
configure:6025: $? = 0
configure:6032: g++ -arch x86_64 -V >&5
llvm-g++-4.2: argument to `-V' is missing
configure:6035: $? = 1
configure:6038: checking whether we are using the GNU C++ compiler
configure:6067: g++ -arch x86_64 -c   conftest.cpp >&5
configure:6073: $? = 0
configure:6080: test -z "$ac_cxx_werror_flag" || test ! -s conftest.err
configure:6083: $? = 0
configure:6090: test -s conftest.o
configure:6093: $? = 0
configure:6107: result: yes
configure:6112: checking whether g++ -arch x86_64 accepts -g
configure:6142: g++ -arch x86_64 -c -g  conftest.cpp >&5
configure:6148: $? = 0
configure:6155: test -z "$ac_cxx_werror_flag" || test ! -s conftest.err
configure:6158: $? = 0
configure:6165: test -s conftest.o
configure:6168: $? = 0
configure:6298: result: yes
configure:6321: checking 
configure:6330: checking for flex
configure:6357: result: lex
configure:6371: checking for yywrap in -lfl
configure:6406: gcc -arch x86_64 -o conftest -g -O2   conftest.c -lfl   >&5
configure:6412: $? = 0
configure:6419: test -z "$ac_c_werror_flag" || test ! -s conftest.err
configure:6422: $? = 0
configure:6429: test -s conftest
configure:6432: $? = 0
configure:6446: result: yes
configure:6537: checking lex output file root
configure:6553: lex conftest.l
configure:6556: $? = 0
configure:6568: result: lex.yy
configure:6573: checking whether yytext is a pointer
configure:6594: gcc -arch x86_64 -o conftest -g -O2   conftest.c  -lfl >&5
configure:6600: $? = 0
configure:6607: test -z "$ac_c_werror_flag" || test ! -s conftest.err
configure:6610: $? = 0
configure:6617: test -s conftest
configure:6620: $? = 0
configure:6636: result: yes
configure:6649: result: 
configure:6652: error: flex not found but required

## ---------------- ##
## Cache variables. ##
## ---------------- ##

ac_cv_build=i686-apple-darwin11.3.0
ac_cv_c_bigendian=no
ac_cv_c_compiler_gnu=yes
ac_cv_cxx_compiler_gnu=yes
ac_cv_env_CCC_set=
ac_cv_env_CCC_value=
ac_cv_env_CC_set=set
ac_cv_env_CC_value='gcc -arch x86_64'
ac_cv_env_CFLAGS_set=
ac_cv_env_CFLAGS_value=
ac_cv_env_CPPFLAGS_set=
ac_cv_env_CPPFLAGS_value=
ac_cv_env_CPP_set=
ac_cv_env_CPP_value=
ac_cv_env_CXXCPP_set=
ac_cv_env_CXXCPP_value=
ac_cv_env_CXXFLAGS_set=
ac_cv_env_CXXFLAGS_value=
ac_cv_env_CXX_set=set
ac_cv_env_CXX_value='g++ -arch x86_64'
ac_cv_env_F77_set=
ac_cv_env_F77_value=
ac_cv_env_FFLAGS_set=
ac_cv_env_FFLAGS_value=
ac_cv_env_LDFLAGS_set=
ac_cv_env_LDFLAGS_value=
ac_cv_env_YACC_set=set
ac_cv_env_YACC_value=yacc
ac_cv_env_YFLAGS_set=
ac_cv_env_YFLAGS_value=
ac_cv_env_build_alias_set=
ac_cv_env_build_alias_value=
ac_cv_env_host_alias_set=
ac_cv_env_host_alias_value=
ac_cv_env_target_alias_set=
ac_cv_env_target_alias_value=
ac_cv_header_inttypes_h=yes
ac_cv_header_memory_h=yes
ac_cv_header_stdc=yes
ac_cv_header_stdint_h=yes
ac_cv_header_stdlib_h=yes
ac_cv_header_string_h=yes
ac_cv_header_strings_h=yes
ac_cv_header_sys_stat_h=yes
ac_cv_header_sys_types_h=yes
ac_cv_header_unistd_h=yes
ac_cv_host=i686-apple-darwin11.3.0
ac_cv_lib_fl_yywrap=yes
ac_cv_objext=o
ac_cv_path_EGREP='/usr/bin/grep -E'
ac_cv_path_GREP=/usr/bin/grep
ac_cv_prog_CPP='gcc -arch x86_64 -E'
ac_cv_prog_LEX=lex
ac_cv_prog_ac_ct_CC='gcc -arch x86_64'
ac_cv_prog_cc_c89=
ac_cv_prog_cc_g=yes
ac_cv_prog_cxx_g=yes
ac_cv_prog_lex_root=lex.yy
ac_cv_prog_lex_yytext_pointer=yes
ac_cv_target=i686-apple-darwin11.3.0
llvm_cv_link_all_option=-Wl,-all_load
llvm_cv_no_link_all_option=-Wl,-noall_load
llvm_cv_os_type=Darwin
llvm_cv_platform_type=Unix
llvm_cv_target_arch=x86

## ----------------- ##
## Output variables. ##
## ----------------- ##

ALLOCA=''
ALL_BINDINGS=''
AR=''
ARCH='x86'
BINDINGS_TO_BUILD='auto'
BINPWD=''
BISON=''
BUILD_CC=''
BUILD_CXX=''
BUILD_EXEEXT=''
BZIP2=''
CC='gcc -arch x86_64'
CFLAGS='-g -O2'
CMP=''
CONVENIENCE_LTDL_FALSE=''
CONVENIENCE_LTDL_TRUE=''
CP='/bin/cp'
CPP='gcc -arch x86_64 -E'
CPPFLAGS=''
CVSBUILD=''
CXX='g++ -arch x86_64'
CXXCPP=''
CXXFLAGS='-g -O2'
DATE=''
DEBUG_RUNTIME=''
DEFS=''
DISABLE_ASSERTIONS=''
DOT=''
DOTTY=''
DOXYGEN=''
ECHO='echo'
ECHO_C=''
ECHO_N='-n'
ECHO_T=''
EGREP='/usr/bin/grep -E'
ENABLE_CBE_PRINTF_A='1'
ENABLE_DOXYGEN='0'
ENABLE_EXPENSIVE_CHECKS=''
ENABLE_OPTIMIZED='ENABLE_OPTIMIZED=1'
ENABLE_PIC='0'
ENABLE_THREADS='1'
ENABLE_VISIBILITY_INLINES_HIDDEN=''
ENDIAN='little'
EXEEXT=''
EXPENSIVE_CHECKS='no'
EXTRA_OPTIONS=''
F77=''
FFLAGS=''
FIND=''
FLEX=''
GAS=''
GRAPHVIZ=''
GREP='/usr/bin/grep'
GROFF=''
GV=''
GZIP=''
HAVE_PERL=''
HAVE_PTHREAD=''
HUGE_VAL_SANITY=''
INSTALL_DATA=''
INSTALL_LTDL_FALSE=''
INSTALL_LTDL_TRUE=''
INSTALL_PROGRAM=''
INSTALL_SCRIPT=''
JIT=''
LDFLAGS=''
LEX='lex'
LEXLIB='-lfl'
LEX_OUTPUT_ROOT='lex.yy'
LIBADD_DL=''
LIBOBJS=''
LIBS=''
LIBTOOL=''
LINKALL='-Wl,-all_load'
LLVMCC1=''
LLVMCC1PLUS=''
LLVMGCC=''
LLVMGCCDIR=''
LLVMGCCLIBEXEC=''
LLVMGCC_LANGS=''
LLVMGCC_MAJVERS=''
LLVMGCC_VERSION=''
LLVMGXX=''
LLVM_BINDIR=''
LLVM_CONFIGTIME=''
LLVM_COPYRIGHT='Copyright (c) 2003-2008 University of Illinois at Urbana-Champaign.'
LLVM_CROSS_COMPILING='0'
LLVM_DATADIR=''
LLVM_DOCSDIR=''
LLVM_ETCDIR=''
LLVM_INCLUDEDIR=''
LLVM_INFODIR=''
LLVM_LIBDIR=''
LLVM_MANDIR=''
LLVM_ON_UNIX='1'
LLVM_ON_WIN32='0'
LLVM_PREFIX=''
LN_S=''
LTLIBOBJS=''
MKDIR=''
MMAP_FILE=''
MV=''
NM=''
NOLINKALL='-Wl,-noall_load'
OBJEXT='o'
OCAMLC=''
OCAMLDEP=''
OCAMLDOC=''
OCAMLOPT=''
OCAML_LIBDIR=''
OS='Darwin'
PACKAGE_BUGREPORT='llvmbugs@cs.uiuc.edu'
PACKAGE_NAME='llvm'
PACKAGE_STRING='llvm 2.5'
PACKAGE_TARNAME='-llvm-'
PACKAGE_VERSION='2.5'
PATH_SEPARATOR=':'
PERL=''
POD2HTML=''
POD2MAN=''
RANLIB=''
RM=''
RUNTEST=''
SED='/usr/bin/sed'
SHELL='/bin/sh'
SHLIBEXT=''
STRIP=''
TAR=''
TARGETS_TO_BUILD='X86 Sparc PowerPC Alpha IA64 ARM Mips CellSPU PIC16 XCore CBackend MSIL CppBackend'
TARGET_HAS_JIT='1'
TCLSH=''
USE_UDIS86=''
YACC='yacc'
YFLAGS=''
ZIP=''
ac_ct_CC='gcc -arch x86_64'
ac_ct_CXX=''
ac_ct_F77=''
bindir='${exec_prefix}/bin'
build='i686-apple-darwin11.3.0'
build_alias=''
build_cpu='i686'
build_os='darwin11.3.0'
build_vendor='apple'
datadir='${datarootdir}'
datarootdir='${prefix}/share'
docdir='${datarootdir}/doc/${PACKAGE_TARNAME}'
dvidir='${docdir}'
exec_prefix='NONE'
host='i686-apple-darwin11.3.0'
host_alias=''
host_cpu='i686'
host_os='darwin11.3.0'
host_vendor='apple'
htmldir='${docdir}'
ifGNUmake=''
includedir='${prefix}/include'
infodir='${datarootdir}/info'
libdir='${exec_prefix}/lib'
libexecdir='${exec_prefix}/libexec'
localedir='${datarootdir}/locale'
localstatedir='${prefix}/var'
mandir='${datarootdir}/man'
oldincludedir='/usr/include'
pdfdir='${docdir}'
prefix='NONE'
program_transform_name='s,x,x,'
psdir='${docdir}'
sbindir='${exec_prefix}/sbin'
sharedstatedir='${prefix}/com'
subdirs=' projects/sample'
sysconfdir='${prefix}/etc'
target='i686-apple-darwin11.3.0'
target_alias=''
target_cpu='i686'
target_os='darwin11.3.0'
target_vendor='apple'

## ----------- ##
## confdefs.h. ##
## ----------- ##

#define PACKAGE_NAME "llvm"
#define PACKAGE_TARNAME "-llvm-"
#define PACKAGE_VERSION "2.5"
#define PACKAGE_STRING "llvm 2.5"
#define PACKAGE_BUGREPORT "llvmbugs@cs.uiuc.edu"
#define LLVM_ON_UNIX 1
#define STDC_HEADERS 1
#define HAVE_SYS_TYPES_H 1
#define HAVE_SYS_STAT_H 1
#define HAVE_STDLIB_H 1
#define HAVE_STRING_H 1
#define HAVE_MEMORY_H 1
#define HAVE_STRINGS_H 1
#define HAVE_INTTYPES_H 1
#define HAVE_STDINT_H 1
#define HAVE_UNISTD_H 1
#define ENABLE_THREADS 1
#define ENABLE_PIC 0
#define ENABLE_CBE_PRINTF_A 1
#define YYTEXT_POINTER 1

configure: exit 1

## ---------------------- ##
## Running config.status. ##
## ---------------------- ##

This file was extended by llvm config.status 2.5, which was
generated by GNU Autoconf 2.60.  Invocation command line was

  CONFIG_FILES    = 
  CONFIG_HEADERS  = 
  CONFIG_LINKS    = 
  CONFIG_COMMANDS = 
  $ /Users/lipa/fractalstream/external/llvm-2.5/config.status Makefile.config

on Christophers-MacBook-Pro-2.local

config.status:741: creating Makefile.config

## ---------------------- ##
## Running config.status. ##
## ---------------------- ##

This file was extended by llvm config.status 2.5, which was
generated by GNU Autoconf 2.60.  Invocation command line was

  CONFIG_FILES    = 
  CONFIG_HEADERS  = 
  CONFIG_LINKS    = 
  CONFIG_COMMANDS = 
  $ /Users/lipa/fractalstream/external/llvm-2.5/config.status tools/llvm-config/llvm-config.in

on Christophers-MacBook-Pro-2.local

config.status:741: creating tools/llvm-config/llvm-config.in
